<?xml version="1.0" encoding="UTF-8"?>
<!-- Generated by org.testng.reporters.JUnitReportReporter -->
<testsuite hostname="DESKTOP-G6OK4CT" failures="0" tests="1" name="DevelopFramework.TestTwo" time="19.177" errors="0" timestamp="2024-05-09T16:08:58 IST" skipped="0">
  <testcase classname="DevelopFramework.TestTwo" name="testTwo" time="19.177"/>
</testsuite> <!-- DevelopFramework.TestTwo -->
