<?xml version="1.0" encoding="UTF-8"?>
<!-- Generated by org.testng.reporters.JUnitReportReporter -->
<testsuite hostname="DESKTOP-G6OK4CT" failures="0" tests="1" name="DevelopFramework.LoginTest" time="34.754" errors="0" timestamp="2024-05-09T16:08:58 IST" skipped="0">
  <testcase classname="DevelopFramework.LoginTest" name="Login" time="34.754"/>
</testsuite> <!-- DevelopFramework.LoginTest -->
